<?xml version="1.0" encoding="UTF-8"?>
<!-- Generated by org.testng.reporters.JUnitXMLReporter -->
<testsuite hostname="meldas-MacBook-Pro.local" ignored="0" name="All Functionalities" tests="12" failures="0" timestamp="2022-12-10T19:37:35 CST" time="133.512" errors="0">
  <testcase name="practice" time="16.803" classname="scripts.Car"/>
  <testcase name="testIframe" time="22.859" classname="scripts.Car"/>
  <testcase name="testBrowserTab" time="2.508" classname="scripts.Car"/>
  <testcase name="javaExecuter" time="2.046" classname="scripts.Car"/>
  <testcase name="javaScript" time="2.799" classname="scripts.Car"/>
  <testcase name="chromeOptions" time="2.982" classname="scripts.Car"/>
  <testcase name="desireCapabilities" time="1.238" classname="scripts.Car"/>
  <testcase name="screenShot" time="2.672" classname="scripts.Car"/>
  <testcase name="signIn" time="6.845" classname="scripts.Car"/>
  <testcase name="testData" time="5.758" classname="scripts.Car"/>
  <testcase name="testData" time="5.778" classname="scripts.Car"/>
  <testcase name="testTravelPage" time="6.32" classname="scripts.TravelTest"/>
</testsuite> <!-- All Functionalities -->
