<?xml version="1.0" encoding="UTF-8"?>
<!-- Generated by org.testng.reporters.JUnitXMLReporter -->
<testsuite hostname="meldas-MacBook-Pro.local" ignored="0" name="All Functionalities" tests="4" failures="0" timestamp="2022-12-08T18:57:42 CST" time="65.773" errors="0">
  <testcase name="practice" time="16.917" classname="scripts.Car"/>
  <testcase name="testIframe" time="21.839" classname="scripts.Car"/>
  <testcase name="testBrowserTab" time="2.003" classname="scripts.Car"/>
  <testcase name="testTravelPage" time="5.119" classname="scripts.TravelTest"/>
</testsuite> <!-- All Functionalities -->
