<?xml version="1.0" encoding="UTF-8"?>
<testsuite xmlns:xsi="http://www.w3.org/2001/XMLSchema-instance" xsi:noNamespaceSchemaLocation="https://maven.apache.org/surefire/maven-surefire-plugin/xsd/surefire-test-report.xsd" name="TestSuite" time="134.042" tests="12" errors="0" skipped="0" failures="0">
  <properties>
[...]
</properties>
  <testcase name="practice" classname="scripts.Car" time="16.803"/>
  <testcase name="testIframe" classname="scripts.Car" time="22.856"/>
  <testcase name="testBrowserTab" classname="scripts.Car" time="2.508"/>
  <testcase name="javaExecuter" classname="scripts.Car" time="2.047"/>
  <testcase name="javaScript" classname="scripts.Car" time="2.799"/>
  <testcase name="chromeOptions" classname="scripts.Car" time="2.983"/>
  <testcase name="desireCapabilities" classname="scripts.Car" time="1.238"/>
  <testcase name="screenShot" classname="scripts.Car" time="2.673"/>
  <testcase name="signIn" classname="scripts.Car" time="6.845"/>
  <testcase name="testData" classname="scripts.Car" time="5.758"/>
  <testcase name="testData" classname="scripts.Car" time="5.779"/>
  <testcase name="testTravelPage" classname="scripts.TravelTest" time="6.32"/>
</testsuite>