<?xml version="1.0" encoding="UTF-8"?>
<!-- Generated by org.testng.reporters.JUnitXMLReporter -->
<testsuite hostname="meldas-MacBook-Pro.local" ignored="9" name="Command line test" tests="1" failures="0" timestamp="2022-12-10T19:42:36 CST" time="7.402" errors="0">
  <testcase name="testBrowserTab" time="2.541" classname="scripts.Car"/>
  <testcase name="javaExecuter" time="0.0" classname="scripts.Car">
    <ignored/>
  </testcase> <!-- javaExecuter -->
  <testcase name="signIn" time="0.0" classname="scripts.Car">
    <ignored/>
  </testcase> <!-- signIn -->
  <testcase name="testData" time="0.0" classname="scripts.Car">
    <ignored/>
  </testcase> <!-- testData -->
  <testcase name="practice" time="0.0" classname="scripts.Car">
    <ignored/>
  </testcase> <!-- practice -->
  <testcase name="javaScript" time="0.0" classname="scripts.Car">
    <ignored/>
  </testcase> <!-- javaScript -->
  <testcase name="screenShot" time="0.0" classname="scripts.Car">
    <ignored/>
  </testcase> <!-- screenShot -->
  <testcase name="desireCapabilities" time="0.0" classname="scripts.Car">
    <ignored/>
  </testcase> <!-- desireCapabilities -->
  <testcase name="chromeOptions" time="0.0" classname="scripts.Car">
    <ignored/>
  </testcase> <!-- chromeOptions -->
  <testcase name="testIframe" time="0.0" classname="scripts.Car">
    <ignored/>
  </testcase> <!-- testIframe -->
</testsuite> <!-- Command line test -->
